Using pre-set license
Built from '2020.2/release' branch; Version is '2020.2.1f1 (270dd8c3da1c) revision 2559448'; Using compiler version '192528614'; Build Type 'Release'
OS: 'Windows 10  (10.0.0) 64bit' Language: 'en' Physical Memory: 16332 MB
BatchMode: 1, IsHumanControllingUs: 0, StartBugReporterOnCrash: 0, Is64bit: 1, IsPro: 0

 COMMAND LINE ARGUMENTS:
G:\Program Files\Unity\2020.2.1f1\Editor\Unity.exe
-adb2
-batchMode
-noUpm
-name
AssetImportWorker0
-projectPath
E:/Michael/Desktop/GAME 3011 Adv Game Programming In Class/GAME3011_A3_DenkovskiMichael
-logFile
Logs/AssetImportWorker0.log
-srvPort
54221
Successfully changed project path to: E:/Michael/Desktop/GAME 3011 Adv Game Programming In Class/GAME3011_A3_DenkovskiMichael
E:/Michael/Desktop/GAME 3011 Adv Game Programming In Class/GAME3011_A3_DenkovskiMichael
Using Asset Import Pipeline V2.
Refreshing native plugins compatible for Editor in 28.42 ms, found 0 plugins.
Preloading 0 native plugins for Editor in 0.00 ms.
Initialize engine version: 2020.2.1f1 (270dd8c3da1c)
[Subsystems] Discovering subsystems at path G:/Program Files/Unity/2020.2.1f1/Editor/Data/Resources/UnitySubsystems
[Subsystems] Discovering subsystems at path E:/Michael/Desktop/GAME 3011 Adv Game Programming In Class/GAME3011_A3_DenkovskiMichael/Assets
GfxDevice: creating device client; threaded=0
Direct3D:
    Version:  Direct3D 11.0 [level 11.1]
    Renderer: NVIDIA GeForce GTX 1070 (ID=0x1b81)
    Vendor:   
    VRAM:     8088 MB
    Driver:   27.21.14.5671
Initialize mono
Mono path[0] = 'G:/Program Files/Unity/2020.2.1f1/Editor/Data/Managed'
Mono path[1] = 'G:/Program Files/Unity/2020.2.1f1/Editor/Data/MonoBleedingEdge/lib/mono/unityjit'
Mono config path = 'G:/Program Files/Unity/2020.2.1f1/Editor/Data/MonoBleedingEdge/etc'
Using monoOptions --debugger-agent=transport=dt_socket,embedding=1,server=y,suspend=n,address=127.0.0.1:56740
Begin MonoManager ReloadAssembly
Registering precompiled unity dll's ...
Register platform support module: G:/Program Files/Unity/2020.2.1f1/Editor/Data/PlaybackEngines/WebGLSupport/UnityEditor.WebGL.Extensions.dll
Register platform support module: G:/Program Files/Unity/2020.2.1f1/Editor/Data/PlaybackEngines/WindowsStandaloneSupport/UnityEditor.WindowsStandalone.Extensions.dll
Registered in 0.001383 seconds.
Native extension for WindowsStandalone target not found
Native extension for WebGL target not found
Refreshing native plugins compatible for Editor in 32.03 ms, found 0 plugins.
Preloading 0 native plugins for Editor in 0.00 ms.
Invoked RoslynAnalysisRunner static constructor.
RoslynAnalysisRunner will not be running.
RoslynAnalysisRunner has terminated.
Mono: successfully reloaded assembly
- Completed reload, in  1.935 seconds
Platform modules already initialized, skipping
Registering precompiled user dll's ...
Registered in 0.001221 seconds.
Begin MonoManager ReloadAssembly
Native extension for WindowsStandalone target not found
Native extension for WebGL target not found
Refreshing native plugins compatible for Editor in 0.25 ms, found 0 plugins.
Preloading 0 native plugins for Editor in 0.00 ms.
Invoked RoslynAnalysisRunner static constructor.
RoslynAnalysisRunner will not be running.
RoslynAnalysisRunner has terminated.
Mono: successfully reloaded assembly
- Completed reload, in  0.895 seconds
Platform modules already initialized, skipping
========================================================================
Worker process is ready to serve import requests
Launched and connected shader compiler UnityShaderCompiler.exe after 0.04 seconds
Refreshing native plugins compatible for Editor in 0.25 ms, found 0 plugins.
Preloading 0 native plugins for Editor in 0.00 ms.
Unloading 1111 Unused Serialized files (Serialized files now loaded: 0)
System memory in use before: 58.3 MB.
System memory in use after: 58.4 MB.

Unloading 10 unused Assets to reduce memory usage. Loaded Objects now: 1551.
Total: 2.036500 ms (FindLiveObjects: 0.189800 ms CreateObjectMapping: 0.054000 ms MarkObjects: 1.692800 ms  DeleteObjects: 0.098900 ms)

========================================================================
Received Import Request.
  path: Assets/Prefabs/TileRoot.prefab
  artifactKey: Guid(b181a8fb80b4fb84299488a61774387e) Importer(815301076,1909f56bfc062723c751e8b465ee728b)
Start importing Assets/Prefabs/TileRoot.prefab using Guid(b181a8fb80b4fb84299488a61774387e) Importer(815301076,1909f56bfc062723c751e8b465ee728b)  -> (artifact id: '2ec22a62d2746270720a98d454b7a2d7') in 0.137404 seconds
  Import took 0.139788 seconds .

========================================================================
Received Prepare
Registering precompiled user dll's ...
Registered in 0.001070 seconds.
Begin MonoManager ReloadAssembly
Native extension for WindowsStandalone target not found
Native extension for WebGL target not found
Refreshing native plugins compatible for Editor in 0.21 ms, found 0 plugins.
Preloading 0 native plugins for Editor in 0.00 ms.
Invoked RoslynAnalysisRunner static constructor.
RoslynAnalysisRunner will not be running.
RoslynAnalysisRunner has terminated.
Mono: successfully reloaded assembly
- Completed reload, in  0.797 seconds
Platform modules already initialized, skipping
Refreshing native plugins compatible for Editor in 0.30 ms, found 0 plugins.
Preloading 0 native plugins for Editor in 0.00 ms.
Unloading 1093 Unused Serialized files (Serialized files now loaded: 0)
System memory in use before: 60.5 MB.
System memory in use after: 60.6 MB.

Unloading 5 unused Assets to reduce memory usage. Loaded Objects now: 1560.
Total: 1.836600 ms (FindLiveObjects: 0.118900 ms CreateObjectMapping: 0.032300 ms MarkObjects: 1.624800 ms  DeleteObjects: 0.059100 ms)

========================================================================
Received Prepare
Registering precompiled user dll's ...
Registered in 0.001174 seconds.
Begin MonoManager ReloadAssembly
Native extension for WindowsStandalone target not found
Native extension for WebGL target not found
Refreshing native plugins compatible for Editor in 0.22 ms, found 0 plugins.
Preloading 0 native plugins for Editor in 0.00 ms.
Invoked RoslynAnalysisRunner static constructor.
RoslynAnalysisRunner will not be running.
RoslynAnalysisRunner has terminated.
Mono: successfully reloaded assembly
- Completed reload, in  0.805 seconds
Platform modules already initialized, skipping
Refreshing native plugins compatible for Editor in 0.24 ms, found 0 plugins.
Preloading 0 native plugins for Editor in 0.00 ms.
Unloading 1093 Unused Serialized files (Serialized files now loaded: 0)
System memory in use before: 60.7 MB.
System memory in use after: 60.8 MB.

Unloading 5 unused Assets to reduce memory usage. Loaded Objects now: 1562.
Total: 1.767800 ms (FindLiveObjects: 0.291300 ms CreateObjectMapping: 0.066700 ms MarkObjects: 1.352200 ms  DeleteObjects: 0.056000 ms)

========================================================================
Received Prepare
Registering precompiled user dll's ...
Registered in 0.001159 seconds.
Begin MonoManager ReloadAssembly
Native extension for WindowsStandalone target not found
Native extension for WebGL target not found
Refreshing native plugins compatible for Editor in 0.22 ms, found 0 plugins.
Preloading 0 native plugins for Editor in 0.00 ms.
Invoked RoslynAnalysisRunner static constructor.
RoslynAnalysisRunner will not be running.
RoslynAnalysisRunner has terminated.
Mono: successfully reloaded assembly
- Completed reload, in  0.795 seconds
Platform modules already initialized, skipping
Refreshing native plugins compatible for Editor in 0.25 ms, found 0 plugins.
Preloading 0 native plugins for Editor in 0.00 ms.
Unloading 1093 Unused Serialized files (Serialized files now loaded: 0)
System memory in use before: 60.9 MB.
System memory in use after: 61.0 MB.

Unloading 5 unused Assets to reduce memory usage. Loaded Objects now: 1564.
Total: 1.763500 ms (FindLiveObjects: 0.139300 ms CreateObjectMapping: 0.035100 ms MarkObjects: 1.513400 ms  DeleteObjects: 0.074700 ms)

========================================================================
Received Prepare
Registering precompiled user dll's ...
Registered in 0.001382 seconds.
Begin MonoManager ReloadAssembly
Native extension for WindowsStandalone target not found
Native extension for WebGL target not found
Refreshing native plugins compatible for Editor in 0.22 ms, found 0 plugins.
Preloading 0 native plugins for Editor in 0.00 ms.
Invoked RoslynAnalysisRunner static constructor.
RoslynAnalysisRunner will not be running.
RoslynAnalysisRunner has terminated.
Mono: successfully reloaded assembly
- Completed reload, in  0.783 seconds
Platform modules already initialized, skipping
Refreshing native plugins compatible for Editor in 0.30 ms, found 0 plugins.
Preloading 0 native plugins for Editor in 0.00 ms.
Unloading 1093 Unused Serialized files (Serialized files now loaded: 0)
System memory in use before: 61.1 MB.
System memory in use after: 61.2 MB.

Unloading 5 unused Assets to reduce memory usage. Loaded Objects now: 1566.
Total: 1.754300 ms (FindLiveObjects: 0.128600 ms CreateObjectMapping: 0.028700 ms MarkObjects: 1.536600 ms  DeleteObjects: 0.059200 ms)

========================================================================
Received Prepare
Registering precompiled user dll's ...
Registered in 0.001069 seconds.
Begin MonoManager ReloadAssembly
Native extension for WindowsStandalone target not found
Native extension for WebGL target not found
Refreshing native plugins compatible for Editor in 0.22 ms, found 0 plugins.
Preloading 0 native plugins for Editor in 0.00 ms.
Invoked RoslynAnalysisRunner static constructor.
RoslynAnalysisRunner will not be running.
RoslynAnalysisRunner has terminated.
Mono: successfully reloaded assembly
- Completed reload, in  0.779 seconds
Platform modules already initialized, skipping
Refreshing native plugins compatible for Editor in 0.24 ms, found 0 plugins.
Preloading 0 native plugins for Editor in 0.00 ms.
Unloading 1093 Unused Serialized files (Serialized files now loaded: 0)
System memory in use before: 61.3 MB.
System memory in use after: 61.3 MB.

Unloading 5 unused Assets to reduce memory usage. Loaded Objects now: 1568.
Total: 1.910800 ms (FindLiveObjects: 0.147700 ms CreateObjectMapping: 0.034400 ms MarkObjects: 1.683400 ms  DeleteObjects: 0.044500 ms)

========================================================================
Received Prepare
Registering precompiled user dll's ...
Registered in 0.001537 seconds.
Begin MonoManager ReloadAssembly
Native extension for WindowsStandalone target not found
Native extension for WebGL target not found
Refreshing native plugins compatible for Editor in 0.22 ms, found 0 plugins.
Preloading 0 native plugins for Editor in 0.00 ms.
Invoked RoslynAnalysisRunner static constructor.
RoslynAnalysisRunner will not be running.
RoslynAnalysisRunner has terminated.
Mono: successfully reloaded assembly
- Completed reload, in  0.818 seconds
Platform modules already initialized, skipping
Refreshing native plugins compatible for Editor in 0.23 ms, found 0 plugins.
Preloading 0 native plugins for Editor in 0.00 ms.
Unloading 1093 Unused Serialized files (Serialized files now loaded: 0)
System memory in use before: 61.3 MB.
System memory in use after: 61.4 MB.

Unloading 5 unused Assets to reduce memory usage. Loaded Objects now: 1570.
Total: 2.713400 ms (FindLiveObjects: 0.256100 ms CreateObjectMapping: 0.068000 ms MarkObjects: 2.313000 ms  DeleteObjects: 0.074500 ms)

========================================================================
Received Prepare
Registering precompiled user dll's ...
Registered in 0.001179 seconds.
Begin MonoManager ReloadAssembly
Native extension for WindowsStandalone target not found
Native extension for WebGL target not found
Refreshing native plugins compatible for Editor in 0.22 ms, found 0 plugins.
Preloading 0 native plugins for Editor in 0.00 ms.
Invoked RoslynAnalysisRunner static constructor.
RoslynAnalysisRunner will not be running.
RoslynAnalysisRunner has terminated.
Mono: successfully reloaded assembly
- Completed reload, in  0.860 seconds
Platform modules already initialized, skipping
Refreshing native plugins compatible for Editor in 0.23 ms, found 0 plugins.
Preloading 0 native plugins for Editor in 0.00 ms.
Unloading 1093 Unused Serialized files (Serialized files now loaded: 0)
System memory in use before: 61.6 MB.
System memory in use after: 61.6 MB.

Unloading 5 unused Assets to reduce memory usage. Loaded Objects now: 1572.
Total: 1.926300 ms (FindLiveObjects: 0.196000 ms CreateObjectMapping: 0.054300 ms MarkObjects: 1.631000 ms  DeleteObjects: 0.043900 ms)

========================================================================
Received Prepare
Registering precompiled user dll's ...
Registered in 0.001070 seconds.
Begin MonoManager ReloadAssembly
Native extension for WindowsStandalone target not found
Native extension for WebGL target not found
Refreshing native plugins compatible for Editor in 0.24 ms, found 0 plugins.
Preloading 0 native plugins for Editor in 0.00 ms.
Invoked RoslynAnalysisRunner static constructor.
RoslynAnalysisRunner will not be running.
RoslynAnalysisRunner has terminated.
Mono: successfully reloaded assembly
- Completed reload, in  0.859 seconds
Platform modules already initialized, skipping
Refreshing native plugins compatible for Editor in 0.25 ms, found 0 plugins.
Preloading 0 native plugins for Editor in 0.00 ms.
Unloading 1093 Unused Serialized files (Serialized files now loaded: 0)
System memory in use before: 61.7 MB.
System memory in use after: 61.8 MB.

Unloading 5 unused Assets to reduce memory usage. Loaded Objects now: 1574.
Total: 1.986900 ms (FindLiveObjects: 0.199100 ms CreateObjectMapping: 0.060900 ms MarkObjects: 1.677300 ms  DeleteObjects: 0.048500 ms)

========================================================================
Received Prepare
Registering precompiled user dll's ...
Registered in 0.001135 seconds.
Begin MonoManager ReloadAssembly
Native extension for WindowsStandalone target not found
Native extension for WebGL target not found
Refreshing native plugins compatible for Editor in 0.21 ms, found 0 plugins.
Preloading 0 native plugins for Editor in 0.00 ms.
Invoked RoslynAnalysisRunner static constructor.
RoslynAnalysisRunner will not be running.
RoslynAnalysisRunner has terminated.
Mono: successfully reloaded assembly
- Completed reload, in  0.893 seconds
Platform modules already initialized, skipping
Refreshing native plugins compatible for Editor in 0.25 ms, found 0 plugins.
Preloading 0 native plugins for Editor in 0.00 ms.
Unloading 1093 Unused Serialized files (Serialized files now loaded: 0)
System memory in use before: 61.9 MB.
System memory in use after: 62.0 MB.

Unloading 5 unused Assets to reduce memory usage. Loaded Objects now: 1576.
Total: 1.878300 ms (FindLiveObjects: 0.133000 ms CreateObjectMapping: 0.033000 ms MarkObjects: 1.655700 ms  DeleteObjects: 0.042900 ms)

========================================================================
Received Prepare
Registering precompiled user dll's ...
Registered in 0.001100 seconds.
Begin MonoManager ReloadAssembly
Native extension for WindowsStandalone target not found
Native extension for WebGL target not found
Refreshing native plugins compatible for Editor in 0.22 ms, found 0 plugins.
Preloading 0 native plugins for Editor in 0.00 ms.
Invoked RoslynAnalysisRunner static constructor.
RoslynAnalysisRunner will not be running.
RoslynAnalysisRunner has terminated.
Mono: successfully reloaded assembly
- Completed reload, in  0.856 seconds
Platform modules already initialized, skipping
Refreshing native plugins compatible for Editor in 0.24 ms, found 0 plugins.
Preloading 0 native plugins for Editor in 0.00 ms.
Unloading 1093 Unused Serialized files (Serialized files now loaded: 0)
System memory in use before: 62.0 MB.
System memory in use after: 62.1 MB.

Unloading 5 unused Assets to reduce memory usage. Loaded Objects now: 1578.
Total: 2.177300 ms (FindLiveObjects: 0.390400 ms CreateObjectMapping: 0.071500 ms MarkObjects: 1.631600 ms  DeleteObjects: 0.082300 ms)

========================================================================
Received Prepare
Registering precompiled user dll's ...
Registered in 0.001248 seconds.
Begin MonoManager ReloadAssembly
Native extension for WindowsStandalone target not found
Native extension for WebGL target not found
Refreshing native plugins compatible for Editor in 0.22 ms, found 0 plugins.
Preloading 0 native plugins for Editor in 0.00 ms.
Invoked RoslynAnalysisRunner static constructor.
RoslynAnalysisRunner will not be running.
RoslynAnalysisRunner has terminated.
Mono: successfully reloaded assembly
- Completed reload, in  0.975 seconds
Platform modules already initialized, skipping
Refreshing native plugins compatible for Editor in 0.34 ms, found 0 plugins.
Preloading 0 native plugins for Editor in 0.00 ms.
Unloading 1093 Unused Serialized files (Serialized files now loaded: 0)
System memory in use before: 62.2 MB.
System memory in use after: 62.3 MB.

Unloading 5 unused Assets to reduce memory usage. Loaded Objects now: 1580.
Total: 1.715500 ms (FindLiveObjects: 0.256600 ms CreateObjectMapping: 0.065600 ms MarkObjects: 1.347600 ms  DeleteObjects: 0.044500 ms)

========================================================================
Received Prepare
Registering precompiled user dll's ...
Registered in 0.001936 seconds.
Begin MonoManager ReloadAssembly
Native extension for WindowsStandalone target not found
Native extension for WebGL target not found
Refreshing native plugins compatible for Editor in 0.36 ms, found 0 plugins.
Preloading 0 native plugins for Editor in 0.00 ms.
Invoked RoslynAnalysisRunner static constructor.
RoslynAnalysisRunner will not be running.
RoslynAnalysisRunner has terminated.
Mono: successfully reloaded assembly
- Completed reload, in  0.868 seconds
Platform modules already initialized, skipping
Refreshing native plugins compatible for Editor in 0.23 ms, found 0 plugins.
Preloading 0 native plugins for Editor in 0.00 ms.
Unloading 1093 Unused Serialized files (Serialized files now loaded: 0)
System memory in use before: 62.3 MB.
System memory in use after: 62.4 MB.

Unloading 5 unused Assets to reduce memory usage. Loaded Objects now: 1582.
Total: 1.900500 ms (FindLiveObjects: 0.277100 ms CreateObjectMapping: 0.076100 ms MarkObjects: 1.473500 ms  DeleteObjects: 0.072700 ms)

========================================================================
Received Prepare
Registering precompiled user dll's ...
Registered in 0.001170 seconds.
Begin MonoManager ReloadAssembly
Native extension for WindowsStandalone target not found
Native extension for WebGL target not found
Refreshing native plugins compatible for Editor in 0.22 ms, found 0 plugins.
Preloading 0 native plugins for Editor in 0.00 ms.
Invoked RoslynAnalysisRunner static constructor.
RoslynAnalysisRunner will not be running.
RoslynAnalysisRunner has terminated.
Mono: successfully reloaded assembly
- Completed reload, in  0.816 seconds
Platform modules already initialized, skipping
Refreshing native plugins compatible for Editor in 0.35 ms, found 0 plugins.
Preloading 0 native plugins for Editor in 0.00 ms.
Unloading 1093 Unused Serialized files (Serialized files now loaded: 0)
System memory in use before: 61.5 MB.
System memory in use after: 61.6 MB.

Unloading 5 unused Assets to reduce memory usage. Loaded Objects now: 1584.
Total: 1.720300 ms (FindLiveObjects: 0.172600 ms CreateObjectMapping: 0.039900 ms MarkObjects: 1.405200 ms  DeleteObjects: 0.100200 ms)

========================================================================
Received Prepare
Registering precompiled user dll's ...
Registered in 0.001693 seconds.
Begin MonoManager ReloadAssembly
Native extension for WindowsStandalone target not found
Native extension for WebGL target not found
Refreshing native plugins compatible for Editor in 0.22 ms, found 0 plugins.
Preloading 0 native plugins for Editor in 0.00 ms.
Invoked RoslynAnalysisRunner static constructor.
RoslynAnalysisRunner will not be running.
RoslynAnalysisRunner has terminated.
Mono: successfully reloaded assembly
- Completed reload, in  0.889 seconds
Platform modules already initialized, skipping
Refreshing native plugins compatible for Editor in 0.24 ms, found 0 plugins.
Preloading 0 native plugins for Editor in 0.00 ms.
Unloading 1093 Unused Serialized files (Serialized files now loaded: 0)
System memory in use before: 61.7 MB.
System memory in use after: 61.7 MB.

Unloading 5 unused Assets to reduce memory usage. Loaded Objects now: 1586.
Total: 1.732100 ms (FindLiveObjects: 0.128700 ms CreateObjectMapping: 0.039400 ms MarkObjects: 1.466200 ms  DeleteObjects: 0.096500 ms)

========================================================================
Received Prepare
Registering precompiled user dll's ...
Registered in 0.001177 seconds.
Begin MonoManager ReloadAssembly
Native extension for WindowsStandalone target not found
Native extension for WebGL target not found
Refreshing native plugins compatible for Editor in 0.24 ms, found 0 plugins.
Preloading 0 native plugins for Editor in 0.00 ms.
Invoked RoslynAnalysisRunner static constructor.
RoslynAnalysisRunner will not be running.
RoslynAnalysisRunner has terminated.
Mono: successfully reloaded assembly
- Completed reload, in  0.926 seconds
Platform modules already initialized, skipping
Refreshing native plugins compatible for Editor in 0.22 ms, found 0 plugins.
Preloading 0 native plugins for Editor in 0.00 ms.
Unloading 1093 Unused Serialized files (Serialized files now loaded: 0)
System memory in use before: 61.8 MB.
System memory in use after: 61.9 MB.

Unloading 5 unused Assets to reduce memory usage. Loaded Objects now: 1588.
Total: 2.267200 ms (FindLiveObjects: 0.197200 ms CreateObjectMapping: 0.034500 ms MarkObjects: 1.973900 ms  DeleteObjects: 0.060700 ms)

========================================================================
Received Prepare
Registering precompiled user dll's ...
Registered in 0.001552 seconds.
Begin MonoManager ReloadAssembly
Native extension for WindowsStandalone target not found
Native extension for WebGL target not found
Refreshing native plugins compatible for Editor in 0.22 ms, found 0 plugins.
Preloading 0 native plugins for Editor in 0.00 ms.
Invoked RoslynAnalysisRunner static constructor.
RoslynAnalysisRunner will not be running.
RoslynAnalysisRunner has terminated.
Mono: successfully reloaded assembly
- Completed reload, in  0.889 seconds
Platform modules already initialized, skipping
Refreshing native plugins compatible for Editor in 0.25 ms, found 0 plugins.
Preloading 0 native plugins for Editor in 0.00 ms.
Unloading 1093 Unused Serialized files (Serialized files now loaded: 0)
System memory in use before: 62.0 MB.
System memory in use after: 62.1 MB.

Unloading 5 unused Assets to reduce memory usage. Loaded Objects now: 1590.
Total: 2.323900 ms (FindLiveObjects: 0.245600 ms CreateObjectMapping: 0.051200 ms MarkObjects: 1.937100 ms  DeleteObjects: 0.076100 ms)

========================================================================
Received Prepare
Registering precompiled user dll's ...
Registered in 0.001051 seconds.
Begin MonoManager ReloadAssembly
Native extension for WindowsStandalone target not found
Native extension for WebGL target not found
Refreshing native plugins compatible for Editor in 0.22 ms, found 0 plugins.
Preloading 0 native plugins for Editor in 0.00 ms.
Invoked RoslynAnalysisRunner static constructor.
RoslynAnalysisRunner will not be running.
RoslynAnalysisRunner has terminated.
Mono: successfully reloaded assembly
- Completed reload, in  0.869 seconds
Platform modules already initialized, skipping
Refreshing native plugins compatible for Editor in 0.32 ms, found 0 plugins.
Preloading 0 native plugins for Editor in 0.00 ms.
Unloading 1093 Unused Serialized files (Serialized files now loaded: 0)
System memory in use before: 62.1 MB.
System memory in use after: 62.2 MB.

Unloading 5 unused Assets to reduce memory usage. Loaded Objects now: 1592.
Total: 2.324600 ms (FindLiveObjects: 0.270800 ms CreateObjectMapping: 0.092200 ms MarkObjects: 1.853000 ms  DeleteObjects: 0.107100 ms)

========================================================================
Received Prepare
Registering precompiled user dll's ...
Registered in 0.001126 seconds.
Begin MonoManager ReloadAssembly
Native extension for WindowsStandalone target not found
Native extension for WebGL target not found
Refreshing native plugins compatible for Editor in 0.23 ms, found 0 plugins.
Preloading 0 native plugins for Editor in 0.00 ms.
Invoked RoslynAnalysisRunner static constructor.
RoslynAnalysisRunner will not be running.
RoslynAnalysisRunner has terminated.
Mono: successfully reloaded assembly
- Completed reload, in  0.873 seconds
Platform modules already initialized, skipping
Refreshing native plugins compatible for Editor in 0.26 ms, found 0 plugins.
Preloading 0 native plugins for Editor in 0.00 ms.
Unloading 1093 Unused Serialized files (Serialized files now loaded: 0)
System memory in use before: 62.3 MB.
System memory in use after: 62.4 MB.

Unloading 5 unused Assets to reduce memory usage. Loaded Objects now: 1594.
Total: 1.853100 ms (FindLiveObjects: 0.149200 ms CreateObjectMapping: 0.037600 ms MarkObjects: 1.590000 ms  DeleteObjects: 0.075100 ms)

========================================================================
Received Prepare
Registering precompiled user dll's ...
Registered in 0.001195 seconds.
Begin MonoManager ReloadAssembly
Native extension for WindowsStandalone target not found
Native extension for WebGL target not found
Refreshing native plugins compatible for Editor in 0.25 ms, found 0 plugins.
Preloading 0 native plugins for Editor in 0.00 ms.
Invoked RoslynAnalysisRunner static constructor.
RoslynAnalysisRunner will not be running.
RoslynAnalysisRunner has terminated.
Mono: successfully reloaded assembly
- Completed reload, in  1.286 seconds
Platform modules already initialized, skipping
Refreshing native plugins compatible for Editor in 0.31 ms, found 0 plugins.
Preloading 0 native plugins for Editor in 0.00 ms.
Unloading 1093 Unused Serialized files (Serialized files now loaded: 0)
System memory in use before: 62.4 MB.
System memory in use after: 62.4 MB.

Unloading 5 unused Assets to reduce memory usage. Loaded Objects now: 1596.
Total: 2.809500 ms (FindLiveObjects: 0.257200 ms CreateObjectMapping: 0.043100 ms MarkObjects: 2.445900 ms  DeleteObjects: 0.061200 ms)

========================================================================
Received Prepare
Registering precompiled user dll's ...
Registered in 0.001071 seconds.
Begin MonoManager ReloadAssembly
Native extension for WindowsStandalone target not found
Native extension for WebGL target not found
Refreshing native plugins compatible for Editor in 0.31 ms, found 0 plugins.
Preloading 0 native plugins for Editor in 0.00 ms.
Invoked RoslynAnalysisRunner static constructor.
RoslynAnalysisRunner will not be running.
RoslynAnalysisRunner has terminated.
Mono: successfully reloaded assembly
- Completed reload, in  0.783 seconds
Platform modules already initialized, skipping
Refreshing native plugins compatible for Editor in 0.26 ms, found 0 plugins.
Preloading 0 native plugins for Editor in 0.00 ms.
Unloading 1093 Unused Serialized files (Serialized files now loaded: 0)
System memory in use before: 61.6 MB.
System memory in use after: 61.7 MB.

Unloading 5 unused Assets to reduce memory usage. Loaded Objects now: 1598.
Total: 2.360300 ms (FindLiveObjects: 0.184300 ms CreateObjectMapping: 0.042400 ms MarkObjects: 2.083400 ms  DeleteObjects: 0.048500 ms)

========================================================================
Received Import Request.
  Time since last request: 2438.083504 seconds.
  path: Assets/JellyIcons/512x512/Icons/GreyCircles
  artifactKey: Guid(e0a6c9a631d847d4d960ad7bd4f2557d) Importer(815301076,1909f56bfc062723c751e8b465ee728b)
Start importing Assets/JellyIcons/512x512/Icons/GreyCircles using Guid(e0a6c9a631d847d4d960ad7bd4f2557d) Importer(815301076,1909f56bfc062723c751e8b465ee728b)  -> (artifact id: '4be1e71cf1ca49d12bb2011987f3f094') in 0.011107 seconds
  Import took 0.013461 seconds .

========================================================================
Received Import Request.
  Time since last request: 0.049396 seconds.
  path: Assets/JellyIcons/512x512/Icons/GreyCircles/GreyCircle.png
  artifactKey: Guid(ac370d39e29401048affbec89283d600) Importer(815301076,1909f56bfc062723c751e8b465ee728b)
Start importing Assets/JellyIcons/512x512/Icons/GreyCircles/GreyCircle.png using Guid(ac370d39e29401048affbec89283d600) Importer(815301076,1909f56bfc062723c751e8b465ee728b)  -> (artifact id: '1a4f9f5695987dd1a41cd5db41fc9cf0') in 0.165059 seconds
  Import took 0.167129 seconds .

========================================================================
Received Import Request.
  Time since last request: 0.000296 seconds.
  path: Assets/JellyIcons/512x512/Icons/GreyCircles/GreyCircleDownload.png
  artifactKey: Guid(d9b9d3907c5cd7e47a73574bdba63a3b) Importer(815301076,1909f56bfc062723c751e8b465ee728b)
Start importing Assets/JellyIcons/512x512/Icons/GreyCircles/GreyCircleDownload.png using Guid(d9b9d3907c5cd7e47a73574bdba63a3b) Importer(815301076,1909f56bfc062723c751e8b465ee728b)  -> (artifact id: 'f441debe876233b7ef9f8e059f0c7cf0') in 0.040010 seconds
  Import took 0.041816 seconds .

========================================================================
Received Import Request.
  Time since last request: 0.000270 seconds.
  path: Assets/JellyIcons/512x512/Icons/GreyCircles/GreyCircleCloud.png
  artifactKey: Guid(e2786a5a86eec3a47a2e122a64780b32) Importer(815301076,1909f56bfc062723c751e8b465ee728b)
Start importing Assets/JellyIcons/512x512/Icons/GreyCircles/GreyCircleCloud.png using Guid(e2786a5a86eec3a47a2e122a64780b32) Importer(815301076,1909f56bfc062723c751e8b465ee728b)  -> (artifact id: '8e19a8b8a71cb58445517cd0097b3b13') in 0.041989 seconds
  Import took 0.043960 seconds .

========================================================================
Received Import Request.
  Time since last request: 0.000295 seconds.
  path: Assets/JellyIcons/512x512/Icons/GreyCircles/GreyCircleArrowRight.png
  artifactKey: Guid(595d902b4dcdbf44689377f0e4bd8bfd) Importer(815301076,1909f56bfc062723c751e8b465ee728b)
Start importing Assets/JellyIcons/512x512/Icons/GreyCircles/GreyCircleArrowRight.png using Guid(595d902b4dcdbf44689377f0e4bd8bfd) Importer(815301076,1909f56bfc062723c751e8b465ee728b)  -> (artifact id: '192bac209cc8dfdd33863e54fe06eb45') in 0.043044 seconds
  Import took 0.045077 seconds .

========================================================================
Received Import Request.
  Time since last request: 0.000276 seconds.
  path: Assets/JellyIcons/512x512/Icons/GreyCircles/GreyCircleArrowLeft.png
  artifactKey: Guid(5e1fe3c211218654c98d32c32c3f598b) Importer(815301076,1909f56bfc062723c751e8b465ee728b)
Start importing Assets/JellyIcons/512x512/Icons/GreyCircles/GreyCircleArrowLeft.png using Guid(5e1fe3c211218654c98d32c32c3f598b) Importer(815301076,1909f56bfc062723c751e8b465ee728b)  -> (artifact id: 'e724d2ef3394d1dada97a4ef6dac42f2') in 0.048851 seconds
  Import took 0.050734 seconds .

========================================================================
Received Import Request.
  Time since last request: 0.000288 seconds.
  path: Assets/JellyIcons/512x512/Icons/GreyCircles/GreyCircleArrowTop.png
  artifactKey: Guid(a23b53c4e8084704e931e405343f18f2) Importer(815301076,1909f56bfc062723c751e8b465ee728b)
Start importing Assets/JellyIcons/512x512/Icons/GreyCircles/GreyCircleArrowTop.png using Guid(a23b53c4e8084704e931e405343f18f2) Importer(815301076,1909f56bfc062723c751e8b465ee728b)  -> (artifact id: '919d76ea09a2bd880e795a21c414d847') in 0.038570 seconds
  Import took 0.040652 seconds .

========================================================================
Received Import Request.
  Time since last request: 0.000289 seconds.
  path: Assets/JellyIcons/512x512/Icons/GreyCircles/GreyCircleArrowDown.png
  artifactKey: Guid(0729ac3f5b2231b4f9bbeebb96059061) Importer(815301076,1909f56bfc062723c751e8b465ee728b)
Start importing Assets/JellyIcons/512x512/Icons/GreyCircles/GreyCircleArrowDown.png using Guid(0729ac3f5b2231b4f9bbeebb96059061) Importer(815301076,1909f56bfc062723c751e8b465ee728b)  -> (artifact id: '47ac63c3ba0cf821e844d4b40308c3bd') in 0.048617 seconds
  Import took 0.050485 seconds .

========================================================================
Received Import Request.
  Time since last request: 0.000334 seconds.
  path: Assets/JellyIcons/512x512/Icons/GreyCircles/GreyCircleCross.png
  artifactKey: Guid(cb7d3bcd9edc98741816e32b9189bde0) Importer(815301076,1909f56bfc062723c751e8b465ee728b)
Start importing Assets/JellyIcons/512x512/Icons/GreyCircles/GreyCircleCross.png using Guid(cb7d3bcd9edc98741816e32b9189bde0) Importer(815301076,1909f56bfc062723c751e8b465ee728b)  -> (artifact id: 'eca84ca6e993f9d75795b6e2ccd7a0b6') in 0.057735 seconds
  Import took 0.059910 seconds .

========================================================================
Received Import Request.
  Time since last request: 0.000290 seconds.
  path: Assets/JellyIcons/512x512/Icons/GreyCircles/GreyCircleCamera.png
  artifactKey: Guid(5ba4e283a7b79144ab3251eefc7f818d) Importer(815301076,1909f56bfc062723c751e8b465ee728b)
Start importing Assets/JellyIcons/512x512/Icons/GreyCircles/GreyCircleCamera.png using Guid(5ba4e283a7b79144ab3251eefc7f818d) Importer(815301076,1909f56bfc062723c751e8b465ee728b)  -> (artifact id: '63620c5c81bc2deb8507d396210e0831') in 0.060048 seconds
  Import took 0.062150 seconds .

========================================================================
Received Import Request.
  Time since last request: 0.000379 seconds.
  path: Assets/JellyIcons/512x512/Icons/GreyCircles/GreyCircleCup1.png
  artifactKey: Guid(1c8dbaedc362a99468f1df3610e60772) Importer(815301076,1909f56bfc062723c751e8b465ee728b)
Start importing Assets/JellyIcons/512x512/Icons/GreyCircles/GreyCircleCup1.png using Guid(1c8dbaedc362a99468f1df3610e60772) Importer(815301076,1909f56bfc062723c751e8b465ee728b)  -> (artifact id: '11372b82bc482a85b9314b371d2a4589') in 0.051142 seconds
  Import took 0.052962 seconds .

========================================================================
Received Import Request.
  Time since last request: 0.000330 seconds.
  path: Assets/JellyIcons/512x512/Icons/GreyCircles/GreyCircleDoubleArrowTop.png
  artifactKey: Guid(cf29bf2532304864baddad3507af0f1c) Importer(815301076,1909f56bfc062723c751e8b465ee728b)
Start importing Assets/JellyIcons/512x512/Icons/GreyCircles/GreyCircleDoubleArrowTop.png using Guid(cf29bf2532304864baddad3507af0f1c) Importer(815301076,1909f56bfc062723c751e8b465ee728b)  -> (artifact id: '8966899172b2356caff8339fbd8f8504') in 0.080416 seconds
  Import took 0.082078 seconds .

========================================================================
Received Import Request.
  Time since last request: 0.000406 seconds.
  path: Assets/JellyIcons/512x512/Icons/GreyCircles/GreyCircleDoubleArrow.png
  artifactKey: Guid(090a5ea1d242acd42acf4d238decb8cf) Importer(815301076,1909f56bfc062723c751e8b465ee728b)
Start importing Assets/JellyIcons/512x512/Icons/GreyCircles/GreyCircleDoubleArrow.png using Guid(090a5ea1d242acd42acf4d238decb8cf) Importer(815301076,1909f56bfc062723c751e8b465ee728b)  -> (artifact id: 'c338f6eee37f69420e6e6a2e8c9409ac') in 0.080453 seconds
  Import took 0.082128 seconds .

========================================================================
Received Import Request.
  Time since last request: 0.000352 seconds.
  path: Assets/JellyIcons/512x512/Icons/GreyCircles/GreyCircleConfirm.png
  artifactKey: Guid(dcbb99ab503f40e47aad67cd099f6ce3) Importer(815301076,1909f56bfc062723c751e8b465ee728b)
Start importing Assets/JellyIcons/512x512/Icons/GreyCircles/GreyCircleConfirm.png using Guid(dcbb99ab503f40e47aad67cd099f6ce3) Importer(815301076,1909f56bfc062723c751e8b465ee728b)  -> (artifact id: '17535795da3290c357ec904aa0255df9') in 0.053342 seconds
  Import took 0.055150 seconds .

========================================================================
Received Import Request.
  Time since last request: 0.000436 seconds.
  path: Assets/JellyIcons/512x512/Icons/GreyCircles/GreyCircleDownloadLeft.png
  artifactKey: Guid(b535bf91211388e419fdcb65c7f65aa9) Importer(815301076,1909f56bfc062723c751e8b465ee728b)
Start importing Assets/JellyIcons/512x512/Icons/GreyCircles/GreyCircleDownloadLeft.png using Guid(b535bf91211388e419fdcb65c7f65aa9) Importer(815301076,1909f56bfc062723c751e8b465ee728b)  -> (artifact id: '111ecfade6986feeeadf355a27f04325') in 0.040336 seconds
  Import took 0.042348 seconds .

========================================================================
Received Import Request.
  Time since last request: 0.000441 seconds.
  path: Assets/JellyIcons/512x512/Icons/GreyCircles/GreyCircleCup.png
  artifactKey: Guid(95b81d09c2df57147b2b8b44a1332da5) Importer(815301076,1909f56bfc062723c751e8b465ee728b)
Start importing Assets/JellyIcons/512x512/Icons/GreyCircles/GreyCircleCup.png using Guid(95b81d09c2df57147b2b8b44a1332da5) Importer(815301076,1909f56bfc062723c751e8b465ee728b)  -> (artifact id: '68be155617a0ee4c1207bbde2e606bd8') in 0.037269 seconds
  Import took 0.039130 seconds .

========================================================================
Received Import Request.
  Time since last request: 0.000347 seconds.
  path: Assets/JellyIcons/512x512/Icons/GreyCircles/GreyCircleCup2.png
  artifactKey: Guid(5f036dd9b0a7f7545b54048b3699fff3) Importer(815301076,1909f56bfc062723c751e8b465ee728b)
Start importing Assets/JellyIcons/512x512/Icons/GreyCircles/GreyCircleCup2.png using Guid(5f036dd9b0a7f7545b54048b3699fff3) Importer(815301076,1909f56bfc062723c751e8b465ee728b)  -> (artifact id: '87d4d55e9ef55996fe476eed22514416') in 0.051518 seconds
  Import took 0.053332 seconds .

========================================================================
Received Import Request.
  Time since last request: 0.760451 seconds.
  path: Assets/JellyIcons/512x512/Icons/GreyCircles/GreyCircleDownloadRight.png
  artifactKey: Guid(66525a3c9b1ba5840b2432aadb9a9c07) Importer(815301076,1909f56bfc062723c751e8b465ee728b)
Start importing Assets/JellyIcons/512x512/Icons/GreyCircles/GreyCircleDownloadRight.png using Guid(66525a3c9b1ba5840b2432aadb9a9c07) Importer(815301076,1909f56bfc062723c751e8b465ee728b)  -> (artifact id: '16c06859dd67e8945b04407a6d20f598') in 0.054357 seconds
  Import took 0.057496 seconds .

========================================================================
Received Import Request.
  Time since last request: 0.000374 seconds.
  path: Assets/JellyIcons/512x512/Icons/GreyCircles/GreyCircleFacebook.png
  artifactKey: Guid(1d42cbe9e5ff6964e9436d8780f0692a) Importer(815301076,1909f56bfc062723c751e8b465ee728b)
Start importing Assets/JellyIcons/512x512/Icons/GreyCircles/GreyCircleFacebook.png using Guid(1d42cbe9e5ff6964e9436d8780f0692a) Importer(815301076,1909f56bfc062723c751e8b465ee728b)  -> (artifact id: '85dcaf2d4a42e4a064b5d39e938500fc') in 0.047243 seconds
  Import took 0.057416 seconds .

========================================================================
Received Import Request.
  Time since last request: 0.000349 seconds.
  path: Assets/JellyIcons/512x512/Icons/GreyCircles/GreyCircleHome.png
  artifactKey: Guid(213a5a158235f3544981419abcaf08fc) Importer(815301076,1909f56bfc062723c751e8b465ee728b)
Start importing Assets/JellyIcons/512x512/Icons/GreyCircles/GreyCircleHome.png using Guid(213a5a158235f3544981419abcaf08fc) Importer(815301076,1909f56bfc062723c751e8b465ee728b)  -> (artifact id: '5203f7f99e8f47dcace26cbd0fb3944d') in 0.036328 seconds
  Import took 0.038170 seconds .

========================================================================
Received Import Request.
  Time since last request: 0.000353 seconds.
  path: Assets/JellyIcons/512x512/Icons/GreyCircles/GreyCircleInfo.png
  artifactKey: Guid(ee4165cd972cfd348aa503acea1505a4) Importer(815301076,1909f56bfc062723c751e8b465ee728b)
Start importing Assets/JellyIcons/512x512/Icons/GreyCircles/GreyCircleInfo.png using Guid(ee4165cd972cfd348aa503acea1505a4) Importer(815301076,1909f56bfc062723c751e8b465ee728b)  -> (artifact id: '280b104b5d3a8238a11fa6c4333b01b9') in 0.046791 seconds
  Import took 0.048718 seconds .

========================================================================
Received Import Request.
  Time since last request: 0.000438 seconds.
  path: Assets/JellyIcons/512x512/Icons/GreyCircles/GreyCircleJoystick.png
  artifactKey: Guid(76e8f91b775b25e4a8eec40b35059b52) Importer(815301076,1909f56bfc062723c751e8b465ee728b)
Start importing Assets/JellyIcons/512x512/Icons/GreyCircles/GreyCircleJoystick.png using Guid(76e8f91b775b25e4a8eec40b35059b52) Importer(815301076,1909f56bfc062723c751e8b465ee728b)  -> (artifact id: '9690bce09243d415d852ffbce1447fa1') in 0.036572 seconds
  Import took 0.038517 seconds .

========================================================================
Received Import Request.
  Time since last request: 0.000406 seconds.
  path: Assets/JellyIcons/512x512/Icons/GreyCircles/GreyCircleGear.png
  artifactKey: Guid(f2129f3b993c2144489c585785f72848) Importer(815301076,1909f56bfc062723c751e8b465ee728b)
Start importing Assets/JellyIcons/512x512/Icons/GreyCircles/GreyCircleGear.png using Guid(f2129f3b993c2144489c585785f72848) Importer(815301076,1909f56bfc062723c751e8b465ee728b)  -> (artifact id: 'a382fae0f0d28b3a00faee899fbfda92') in 0.041270 seconds
  Import took 0.043098 seconds .

========================================================================
Received Prepare
Registering precompiled user dll's ...
Registered in 0.001099 seconds.
Begin MonoManager ReloadAssembly
Native extension for WindowsStandalone target not found
Native extension for WebGL target not found
Refreshing native plugins compatible for Editor in 0.23 ms, found 0 plugins.
Preloading 0 native plugins for Editor in 0.00 ms.
Invoked RoslynAnalysisRunner static constructor.
RoslynAnalysisRunner will not be running.
RoslynAnalysisRunner has terminated.
Mono: successfully reloaded assembly
- Completed reload, in  0.892 seconds
Platform modules already initialized, skipping
Refreshing native plugins compatible for Editor in 0.26 ms, found 0 plugins.
Preloading 0 native plugins for Editor in 0.00 ms.
Unloading 1093 Unused Serialized files (Serialized files now loaded: 0)
System memory in use before: 61.8 MB.
System memory in use after: 61.9 MB.

Unloading 5 unused Assets to reduce memory usage. Loaded Objects now: 1603.
Total: 1.983900 ms (FindLiveObjects: 0.123700 ms CreateObjectMapping: 0.036900 ms MarkObjects: 1.722500 ms  DeleteObjects: 0.099600 ms)

========================================================================
Received Import Request.
  Time since last request: 5.358428 seconds.
  path: Assets/JellyIcons/512x512/Icons/GreyCircles/GreyCircleCross 1.png
  artifactKey: Guid(57e76ab4b84ddfb4ea57d51ebb2ff675) Importer(815301076,1909f56bfc062723c751e8b465ee728b)
Start importing Assets/JellyIcons/512x512/Icons/GreyCircles/GreyCircleCross 1.png using Guid(57e76ab4b84ddfb4ea57d51ebb2ff675) Importer(815301076,1909f56bfc062723c751e8b465ee728b)  -> (artifact id: 'dd5a5979010727a3961ac710452c6222') in 0.075904 seconds
  Import took 0.077813 seconds .

========================================================================
Received Prepare
Registering precompiled user dll's ...
Registered in 0.001294 seconds.
Begin MonoManager ReloadAssembly
Native extension for WindowsStandalone target not found
Native extension for WebGL target not found
Refreshing native plugins compatible for Editor in 0.24 ms, found 0 plugins.
Preloading 0 native plugins for Editor in 0.00 ms.
Invoked RoslynAnalysisRunner static constructor.
RoslynAnalysisRunner will not be running.
RoslynAnalysisRunner has terminated.
Mono: successfully reloaded assembly
- Completed reload, in  0.909 seconds
Platform modules already initialized, skipping
Refreshing native plugins compatible for Editor in 0.24 ms, found 0 plugins.
Preloading 0 native plugins for Editor in 0.00 ms.
Unloading 1093 Unused Serialized files (Serialized files now loaded: 0)
System memory in use before: 62.0 MB.
System memory in use after: 62.0 MB.

Unloading 5 unused Assets to reduce memory usage. Loaded Objects now: 1606.
Total: 1.886100 ms (FindLiveObjects: 0.137000 ms CreateObjectMapping: 0.035300 ms MarkObjects: 1.628300 ms  DeleteObjects: 0.084100 ms)

========================================================================
Received Prepare
Registering precompiled user dll's ...
Registered in 0.001059 seconds.
Begin MonoManager ReloadAssembly
Native extension for WindowsStandalone target not found
Native extension for WebGL target not found
Refreshing native plugins compatible for Editor in 0.23 ms, found 0 plugins.
Preloading 0 native plugins for Editor in 0.00 ms.
Invoked RoslynAnalysisRunner static constructor.
RoslynAnalysisRunner will not be running.
RoslynAnalysisRunner has terminated.
Mono: successfully reloaded assembly
- Completed reload, in  0.885 seconds
Platform modules already initialized, skipping
Refreshing native plugins compatible for Editor in 0.27 ms, found 0 plugins.
Preloading 0 native plugins for Editor in 0.00 ms.
Unloading 1093 Unused Serialized files (Serialized files now loaded: 0)
System memory in use before: 62.1 MB.
System memory in use after: 62.2 MB.

Unloading 5 unused Assets to reduce memory usage. Loaded Objects now: 1608.
Total: 1.892200 ms (FindLiveObjects: 0.205000 ms CreateObjectMapping: 0.051200 ms MarkObjects: 1.536600 ms  DeleteObjects: 0.097600 ms)

